16:39:48 : Config Error : BeCustomBanFiles : Bans1.txt is not a valid file!
﻿16:39:48 : Config Error : BeCustomBanFiles : file2.txt is not a valid file!
﻿16:39:48 : Config Error : BeCustomBanFiles : file3.txt is not a valid file!
﻿16:39:48 : Config Error : BeCustomBanFiles has no valid files defined!
﻿16:39:48 : Config Error : DisallowPlayerNameChars has no Chars set. DisallowPlayerNameChars will be ignored
﻿16:39:48 : Config Error : Scheduler file path is not valid
﻿16:41:18 : Config Error : BeCustomBanFiles : Bans1.txt is not a valid file!
﻿16:41:18 : Config Error : BeCustomBanFiles : file2.txt is not a valid file!
﻿16:41:18 : Config Error : BeCustomBanFiles : file3.txt is not a valid file!
﻿16:41:18 : Config Error : BeCustomBanFiles has no valid files defined!
﻿16:41:18 : Config Error : DisallowPlayerNameChars has no Chars set. DisallowPlayerNameChars will be ignored
﻿16:41:23 : Scheduler file contains a error. not valid command in the cmd tag. Location id=5
﻿16:42:07 : Config Error : BeCustomBanFiles : Bans1.txt is not a valid file!
﻿16:42:07 : Config Error : BeCustomBanFiles : file2.txt is not a valid file!
﻿16:42:07 : Config Error : BeCustomBanFiles : file3.txt is not a valid file!
﻿16:42:07 : Config Error : BeCustomBanFiles has no valid files defined!
﻿16:42:07 : Config Error : DisallowPlayerNameChars has no Chars set. DisallowPlayerNameChars will be ignored
﻿16:42:12 : Scheduler file contains a error, job Id's are not in order
﻿16:53:44 : Config Error : BeCustomBanFiles : Bans1.txt is not a valid file!
﻿16:53:44 : Config Error : BeCustomBanFiles : file2.txt is not a valid file!
﻿16:53:44 : Config Error : BeCustomBanFiles : file3.txt is not a valid file!
﻿16:53:44 : Config Error : BeCustomBanFiles has no valid files defined!
﻿16:53:44 : Config Error : DisallowPlayerNameChars has no Chars set. DisallowPlayerNameChars will be ignored
﻿17:13:48 : Config Error : BeCustomBanFiles : Bans1.txt is not a valid file!
﻿17:13:48 : Config Error : BeCustomBanFiles : file2.txt is not a valid file!
﻿17:13:48 : Config Error : BeCustomBanFiles : file3.txt is not a valid file!
﻿17:13:48 : Config Error : BeCustomBanFiles has no valid files defined!
﻿17:14:58 : Config Error : BeCustomBanFiles : Bans1.txt is not a valid file!
﻿17:14:58 : Config Error : BeCustomBanFiles : file2.txt is not a valid file!
﻿17:14:58 : Config Error : BeCustomBanFiles : file3.txt is not a valid file!
﻿17:14:58 : Config Error : BeCustomBanFiles has no valid files defined!
﻿17:32:59 : Config Error : BeCustomBanFiles : Bans1.txt is not a valid file!
﻿17:32:59 : Config Error : BeCustomBanFiles : file2.txt is not a valid file!
﻿17:32:59 : Config Error : BeCustomBanFiles : file3.txt is not a valid file!
﻿17:32:59 : Config Error : BeCustomBanFiles has no valid files defined!
﻿17:41:13 : Config Error : BeCustomBanFiles : Bans1.txt is not a valid file!
﻿17:41:13 : Config Error : BeCustomBanFiles : file2.txt is not a valid file!
﻿17:41:13 : Config Error : BeCustomBanFiles : file3.txt is not a valid file!
﻿17:41:13 : Config Error : BeCustomBanFiles has no valid files defined!
﻿17:41:34 : Config Error : BeCustomBanFiles : Bans1.txt is not a valid file!
﻿17:41:34 : Config Error : BeCustomBanFiles : file2.txt is not a valid file!
﻿17:41:34 : Config Error : BeCustomBanFiles : file3.txt is not a valid file!
﻿17:41:34 : Config Error : BeCustomBanFiles has no valid files defined!
﻿17:56:53 : Config Error : BeCustomBanFiles : Bans1.txt is not a valid file!
﻿17:56:53 : Config Error : BeCustomBanFiles : file2.txt is not a valid file!
﻿17:56:53 : Config Error : BeCustomBanFiles : file3.txt is not a valid file!
﻿17:56:53 : Config Error : BeCustomBanFiles has no valid files defined!
﻿17:57:02 : Config Error : BeCustomBanFiles : Bans1.txt is not a valid file!
﻿17:57:02 : Config Error : BeCustomBanFiles : file2.txt is not a valid file!
﻿17:57:02 : Config Error : BeCustomBanFiles : file3.txt is not a valid file!
﻿17:57:02 : Config Error : BeCustomBanFiles has no valid files defined!
﻿17:57:08 : Config Error : BeCustomBanFiles : Bans1.txt is not a valid file!
﻿17:57:08 : Config Error : BeCustomBanFiles : file2.txt is not a valid file!
﻿17:57:08 : Config Error : BeCustomBanFiles : file3.txt is not a valid file!
﻿17:57:08 : Config Error : BeCustomBanFiles has no valid files defined!
﻿17:57:12 : Config Error : BeCustomBanFiles : Bans1.txt is not a valid file!
﻿17:57:12 : Config Error : BeCustomBanFiles : file2.txt is not a valid file!
﻿17:57:12 : Config Error : BeCustomBanFiles : file3.txt is not a valid file!
﻿17:57:12 : Config Error : BeCustomBanFiles has no valid files defined!
﻿17:57:17 : Config Error : BeCustomBanFiles : Bans1.txt is not a valid file!
﻿17:57:17 : Config Error : BeCustomBanFiles : file2.txt is not a valid file!
﻿17:57:17 : Config Error : BeCustomBanFiles : file3.txt is not a valid file!
﻿17:57:17 : Config Error : BeCustomBanFiles has no valid files defined!
﻿17:57:41 : Config Error : BeCustomBanFiles : Bans1.txt is not a valid file!
﻿17:57:41 : Config Error : BeCustomBanFiles : file2.txt is not a valid file!
﻿17:57:41 : Config Error : BeCustomBanFiles : file3.txt is not a valid file!
﻿17:57:41 : Config Error : BeCustomBanFiles has no valid files defined!
﻿18:07:15 : Config Error : BeCustomBanFiles : Bans1.txt is not a valid file!
﻿18:07:15 : Config Error : BeCustomBanFiles : file2.txt is not a valid file!
﻿18:07:15 : Config Error : BeCustomBanFiles : file3.txt is not a valid file!
﻿18:07:15 : Config Error : BeCustomBanFiles has no valid files defined!
﻿18:07:45 : Config Error : BeCustomBanFiles : Bans1.txt is not a valid file!
﻿18:07:45 : Config Error : BeCustomBanFiles : file2.txt is not a valid file!
﻿18:07:45 : Config Error : BeCustomBanFiles : file3.txt is not a valid file!
﻿18:07:45 : Config Error : BeCustomBanFiles has no valid files defined!
﻿18:07:56 : Config Error : BeCustomBanFiles : Bans1.txt is not a valid file!
﻿18:07:56 : Config Error : BeCustomBanFiles : file2.txt is not a valid file!
﻿18:07:56 : Config Error : BeCustomBanFiles : file3.txt is not a valid file!
﻿18:07:56 : Config Error : BeCustomBanFiles has no valid files defined!
﻿18:08:14 : Config Error : BeCustomBanFiles : Bans1.txt is not a valid file!
﻿18:08:14 : Config Error : BeCustomBanFiles : file2.txt is not a valid file!
﻿18:08:14 : Config Error : BeCustomBanFiles : file3.txt is not a valid file!
﻿18:08:14 : Config Error : BeCustomBanFiles has no valid files defined!
﻿18:08:22 : Config Error : BeCustomBanFiles : Bans1.txt is not a valid file!
﻿18:08:22 : Config Error : BeCustomBanFiles : file2.txt is not a valid file!
﻿18:08:22 : Config Error : BeCustomBanFiles : file3.txt is not a valid file!
﻿18:08:22 : Config Error : BeCustomBanFiles has no valid files defined!
﻿18:08:42 : Config Error : BeCustomBanFiles : Bans1.txt is not a valid file!
﻿18:08:42 : Config Error : BeCustomBanFiles : file2.txt is not a valid file!
﻿18:08:42 : Config Error : BeCustomBanFiles : file3.txt is not a valid file!
﻿18:08:42 : Config Error : BeCustomBanFiles has no valid files defined!
﻿20:03:57 : Scheduler file contains a error. runtime must be higher than 0 when looping. Location id=0
